
> openaccounting-web@0.1.0 dev
> next dev

- info Loaded env from /Users/zayarmin/Development/openaccounting/apps/web/.env.local
- [32mready[39m started server on [::]:3000, url: http://localhost:3000
- [35mevent[39m compiled client and server successfully in 81 ms (20 modules)
- [36mwait[39m compiling...
- [35mevent[39m compiled client and server successfully in 48 ms (20 modules)
- [36minfo[39m Loaded env from /Users/zayarmin/Development/openaccounting/apps/web/.env.local
- [36minfo[39m Loaded env from /Users/zayarmin/Development/openaccounting/apps/web/.env.local
- [36mwait[39m compiling /page (client and server)...
- [35mevent[39m compiled client and server successfully in 870 ms (1073 modules)
- [36mwait[39m compiling...
- [35mevent[39m compiled successfully in 100 ms (586 modules)
- [36mwait[39m compiling /login/page (client and server)...
- [35mevent[39m compiled client and server successfully in 325 ms (1073 modules)
(node:93524) [DEP0060] DeprecationWarning: The `util._extend` API is deprecated. Please use Object.assign() instead.
(Use `node --trace-deprecation ...` to show where the warning was created)
- [36mwait[39m compiling /dashboard/page (client and server)...
- [35mevent[39m compiled client and server successfully in 82 ms (1079 modules)
- [36mwait[39m compiling /customers/page (client and server)...
- [35mevent[39m compiled client and server successfully in 154 ms (1075 modules)
- [36mwait[39m compiling /customers/new/page (client and server)...
- [35mevent[39m compiled client and server successfully in 126 ms (1081 modules)
- [36mwait[39m compiling /customers/[id]/page (client and server)...
- [35mevent[39m compiled client and server successfully in 167 ms (1115 modules)
- [36mwait[39m compiling /bank-accounts/page (client and server)...
- [35mevent[39m compiled client and server successfully in 108 ms (1121 modules)
- [36mwait[39m compiling /invoices/page (client and server)...
- [35mevent[39m compiled client and server successfully in 117 ms (1135 modules)
- [36mwait[39m compiling /invoices/new/page (client and server)...
- [35mevent[39m compiled client and server successfully in 127 ms (1147 modules)
- [36mwait[39m compiling /_error (client and server)...
- [35mevent[39m compiled client and server successfully in 190 ms (1282 modules)
- [36mwait[39m compiling...
- [35mevent[39m compiled client and server successfully in 424 ms (1290 modules)
